<?xml version="1.0" encoding="UTF-8"?>
<testng-results skipped="0" failed="1" ignored="0" total="2" passed="1">
  <reporter-output>
  </reporter-output>
  <suite name="Page Object Model" duration-ms="25177" started-at="2022-10-06T14:49:10 IST" finished-at="2022-10-06T14:49:35 IST">
    <groups>
    </groups>
    <test name="Login Test" duration-ms="2411" started-at="2022-10-06T14:49:10 IST" finished-at="2022-10-06T14:49:12 IST">
      <class name="com.akshar.testcases.LoginTest">
        <test-method status="FAIL" signature="LoginTest(java.util.Hashtable)[pri:0, instance:com.akshar.testcases.LoginTest@53a5e217]" name="LoginTest" duration-ms="2246" started-at="2022-10-06T14:49:10 IST" data-provider="dp" finished-at="2022-10-06T14:49:12 IST">
          <params>
            <param index="0">
              <value>
                <![CDATA[{password=Smithajain1, Runmode=Y, username=aksharphotos@gmail.com}]]>
              </value>
            </param>
          </params>
          <exception class="java.lang.AssertionError">
            <message>
              <![CDATA[Login test failed]]>
            </message>
            <full-stacktrace>
              <![CDATA[java.lang.AssertionError: Login test failed
at org.testng.Assert.fail(Assert.java:97)
at com.akshar.testcases.LoginTest.LoginTest(LoginTest.java:24)
at sun.reflect.NativeMethodAccessorImpl.invoke0(Native Method)
at sun.reflect.NativeMethodAccessorImpl.invoke(NativeMethodAccessorImpl.java:62)
at sun.reflect.DelegatingMethodAccessorImpl.invoke(DelegatingMethodAccessorImpl.java:43)
at java.lang.reflect.Method.invoke(Method.java:498)
at org.testng.internal.MethodInvocationHelper.invokeMethod(MethodInvocationHelper.java:134)
at org.testng.internal.TestInvoker.invokeMethod(TestInvoker.java:597)
at org.testng.internal.TestInvoker.invokeTestMethod(TestInvoker.java:173)
at org.testng.internal.MethodRunner.runInSequence(MethodRunner.java:46)
at org.testng.internal.TestInvoker$MethodInvocationAgent.invoke(TestInvoker.java:816)
at org.testng.internal.TestInvoker.invokeTestMethods(TestInvoker.java:146)
at org.testng.internal.TestMethodWorker.invokeTestMethods(TestMethodWorker.java:146)
at org.testng.internal.TestMethodWorker.run(TestMethodWorker.java:128)
at java.util.ArrayList.forEach(ArrayList.java:1257)
at org.testng.TestRunner.privateRun(TestRunner.java:766)
at org.testng.TestRunner.run(TestRunner.java:587)
at org.testng.SuiteRunner.runTest(SuiteRunner.java:384)
at org.testng.SuiteRunner.runSequentially(SuiteRunner.java:378)
at org.testng.SuiteRunner.privateRun(SuiteRunner.java:337)
at org.testng.SuiteRunner.run(SuiteRunner.java:286)
at org.testng.SuiteRunnerWorker.runSuite(SuiteRunnerWorker.java:53)
at org.testng.SuiteRunnerWorker.run(SuiteRunnerWorker.java:96)
at org.testng.TestNG.runSuitesSequentially(TestNG.java:1187)
at org.testng.TestNG.runSuitesLocally(TestNG.java:1109)
at org.testng.TestNG.runSuites(TestNG.java:1039)
at org.testng.TestNG.run(TestNG.java:1007)
at org.testng.remote.AbstractRemoteTestNG.run(AbstractRemoteTestNG.java:115)
at org.testng.remote.RemoteTestNG.initAndRun(RemoteTestNG.java:251)
at org.testng.remote.RemoteTestNG.main(RemoteTestNG.java:77)
]]>
            </full-stacktrace>
          </exception> <!-- java.lang.AssertionError -->
          <reporter-output>
          </reporter-output>
        </test-method> <!-- LoginTest -->
      </class> <!-- com.akshar.testcases.LoginTest -->
    </test> <!-- Login Test -->
    <test name="Create Account Test" duration-ms="22511" started-at="2022-10-06T14:49:13 IST" finished-at="2022-10-06T14:49:35 IST">
      <class name="com.akshar.testcases.CreateAccountTest">
        <test-method status="PASS" signature="createAccountTest(java.util.Hashtable)[pri:0, instance:com.akshar.testcases.CreateAccountTest@6fca5907]" name="createAccountTest" duration-ms="22496" started-at="2022-10-06T14:49:13 IST" data-provider="dp" finished-at="2022-10-06T14:49:35 IST">
          <params>
            <param index="0">
              <value>
                <![CDATA[{accountname=Test_Account}]]>
              </value>
            </param>
          </params>
          <reporter-output>
          </reporter-output>
        </test-method> <!-- createAccountTest -->
      </class> <!-- com.akshar.testcases.CreateAccountTest -->
      <class name="com.akshar.testcases.LoginTest">
        <test-method status="PASS" signature="tearDown()[pri:0, instance:com.akshar.testcases.LoginTest@53a5e217]" name="tearDown" is-config="true" duration-ms="990" started-at="2022-10-06T14:49:35 IST" finished-at="2022-10-06T14:49:36 IST">
          <reporter-output>
          </reporter-output>
        </test-method> <!-- tearDown -->
      </class> <!-- com.akshar.testcases.LoginTest -->
    </test> <!-- Create Account Test -->
  </suite> <!-- Page Object Model -->
</testng-results>
